<?xml version="1.0" encoding="UTF-8"?>
<!-- Generated by org.testng.reporters.JUnitReportReporter -->
<testsuite hostname="Dineshkumar" failures="0" tests="7" name="com.finalpa.Assessment" time="73.096" errors="0" timestamp="2025-03-18T14:13:29 IST" skipped="1">
  <testcase classname="com.finalpa.Assessment" name="user_Click_The_Parfum_Category" time="8.249"/>
  <testcase classname="com.finalpa.Assessment" name="user_Click_The_Parfum_Category" time="4.571"/>
  <testcase classname="com.finalpa.Assessment" name="user_Click_The_Parfum_Category" time="4.930">
    <skipped/>
  </testcase> <!-- user_Click_The_Parfum_Category -->
  <testcase classname="com.finalpa.Assessment" name="user_Clicks_The_All_Filter_Options" time="28.395"/>
  <testcase classname="com.finalpa.Assessment" name="user_Clicks_The_All_Filter_Options" time="26.749"/>
  <testcase classname="com.finalpa.Assessment" name="validate_The_Listed_Products" time="0.073"/>
  <testcase classname="com.finalpa.Assessment" name="validate_The_Listed_Products" time="0.129"/>
</testsuite> <!-- com.finalpa.Assessment -->
